1628966457165	geckodriver	INFO	Listening on 127.0.0.1:55722
1628966598615	geckodriver	INFO	Listening on 127.0.0.1:65512
1628966601601	mozrunner::runner	INFO	Running command: "C:\\Program Files\\Mozilla Firefox\\firefox.exe" "--marionette" "-headless" "-foreground" "-no-remote" "-profile" "C:\\Users\\math_\\AppData\\Local\\Temp\\rust_mozprofiletAWveg"
*** You are running in headless mode.
1628966601904	Marionette	INFO	Marionette enabled
[GFX1-]: RenderCompositorSWGL failed mapping default framebuffer, no dt
console.warn: SearchSettings: "get: No settings file exists, new profile?" (new NotFoundError("Could not open the file at C:\\Users\\math_\\AppData\\Local\\Temp\\rust_mozprofiletAWveg\\search.json.mozlz4", (void 0)))
1628966602899	Marionette	INFO	Listening on port 65523
1628966603153	RemoteAgent	WARN	TLS certificate errors will be ignored for this session
1628966631214	Marionette	INFO	Stopped listening on port 65523
JavaScript error: resource:///modules/Interactions.jsm, line 209: NS_ERROR_FAILURE: Component returned failure code: 0x80004005 (NS_ERROR_FAILURE) [nsIUserIdleService.removeIdleObserver]

###!!! [Parent][RunMessage] Error: Channel closing: too late to send/recv, messages will be lost

1628966927838	geckodriver	INFO	Listening on 127.0.0.1:49874
1628966930839	mozrunner::runner	INFO	Running command: "C:\\Program Files\\Mozilla Firefox\\firefox.exe" "--marionette" "-headless" "-foreground" "-no-remote" "-profile" "C:\\Users\\math_\\AppData\\Local\\Temp\\rust_mozprofileeazXMu"
*** You are running in headless mode.
1628966931134	Marionette	INFO	Marionette enabled
[GFX1-]: RenderCompositorSWGL failed mapping default framebuffer, no dt
console.warn: SearchSettings: "get: No settings file exists, new profile?" (new NotFoundError("Could not open the file at C:\\Users\\math_\\AppData\\Local\\Temp\\rust_mozprofileeazXMu\\search.json.mozlz4", (void 0)))
1628966932145	Marionette	INFO	Listening on port 58200
1628966932386	RemoteAgent	WARN	TLS certificate errors will be ignored for this session
console.error: services.settings: 
  main/doh-providers Signature failed  InvalidSignatureError: Invalid content signature (main/doh-providers)
console.error: services.settings: 
  main/doh-providers local data was corrupted
console.warn: services.settings: main/doh-providers Signature verified failed. Retry from scratch
console.error: services.settings: 
  main/doh-config Signature failed  InvalidSignatureError: Invalid content signature (main/doh-config)
console.error: services.settings: 
  main/doh-config local data was corrupted
console.warn: services.settings: main/doh-config Signature verified failed. Retry from scratch
console.log: WebExtensions: reset-default-search: starting.
console.log: WebExtensions: reset-default-search: No addons in our list are installed.
JavaScript error: , line 0: NS_ERROR_NOT_AVAILABLE
	Stopped listening on port 58147
JavaScript error: resource:///modules/Interactions.jsm, line 209: NS_ERROR_FAILURE: Component returned failure code: 0x80004005 (NS_ERROR_FAILURE) [nsIUserIdleService.removeIdleObserver]

###!!! [Parent][MessageChannel] Error: (msgtype=0x390076,name=PContent::Msg_DestroyBrowsingContextGroup) Closed channel: cannot send/recv


###!!! [Parent][RunMessage] Error: Channel closing: too late to send/recv, messages will be lost

1628967101592	geckodriver	INFO	Listening on 127.0.0.1:54753
1628967104555	mozrunner::runner	INFO	Running command: "C:\\Program Files\\Mozilla Firefox\\firefox.exe" "--marionette" "-headless" "-foreground" "-no-remote" "-profile" "C:\\Users\\math_\\AppData\\Local\\Temp\\rust_mozprofilei8momS"
*** You are running in headless mode.
1628967104862	Marionette	INFO	Marionette enabled
[GFX1-]: RenderCompositorSWGL failed mapping default framebuffer, no dt
console.warn: SearchSettings: "get: No settings file exists, new profile?" (new NotFoundError("Could not open the file at C:\\Users\\math_\\AppData\\Local\\Temp\\rust_mozprofilei8momS\\search.json.mozlz4", (void 0)))
1628967105868	Marionette	INFO	Listening on port 54762
1628967106112	RemoteAgent	WARN	TLS certificate errors will be ignored for this session
1628967145964	Marionette	INFO	Stopped listening on port 54762
JavaScript error: resource:///modules/Interactions.jsm, line 209: NS_ERROR_FAILURE: Component returned failure code: 0x80004005 (NS_ERROR_FAILURE) [nsIUserIdleService.removeIdleObserver]

###!!! [Parent][RunMessage] Error: Channel closing: too late to send/recv, messages will be lost

1628967239596	geckodriver	INFO	Listening on 127.0.0.1:53320
1628967242586	mozrunner::runner	INFO	Running command: "C:\\Program Files\\Mozilla Firefox\\firefox.exe" "--marionette" "-headless" "-foreground" "-no-remote" "-profile" "C:\\Users\\math_\\AppData\\Local\\Temp\\rust_mozprofile264EpV"
*** You are running in headless mode.
1628967242892	Marionette	INFO	Marionette enabled
[GFX1-]: RenderCompositorSWGL failed mapping default framebuffer, no dt
console.warn: SearchSettings: "get: No settings file exists, new profile?" (new NotFoundError("Could not open the file at C:\\Users\\math_\\AppData\\Local\\Temp\\rust_mozprofile264EpV\\search.json.mozlz4", (void 0)))
1628967243840	Marionette	INFO	Listening on port 53331
1628967244122	RemoteAgent	WARN	TLS certificate errors will be ignored for this session
1628967269937	Marionette	INFO	Stopped listening on port 53331
JavaScript error: resource:///modules/Interactions.jsm, line 209: NS_ERROR_FAILURE: Component returned failure code: 0x80004005 (NS_ERROR_FAILURE) [nsIUserIdleService.removeIdleObserver]

###!!! [Parent][RunMessage] Error: Channel closing: too late to send/recv, messages will be lost

